130316 19:18:36 [Note] Plugin 'FEDERATED' is disabled.
130316 19:18:36 InnoDB: The InnoDB memory heap is disabled
130316 19:18:36 InnoDB: Mutexes and rw_locks use Windows interlocked functions
130316 19:18:36 InnoDB: Compressed tables use zlib 1.2.3
130316 19:18:36 InnoDB: Initializing buffer pool, size = 128.0M
130316 19:18:36 InnoDB: Completed initialization of buffer pool
InnoDB: The first specified data file C:\simulacion\USBWebserver v8.5\8.5\mysql\data\ibdata1 did not exist:
InnoDB: a new database to be created!
130316 19:18:36  InnoDB: Setting file C:\simulacion\USBWebserver v8.5\8.5\mysql\data\ibdata1 size to 10 MB
InnoDB: Database physically writes the file full: wait...
130316 19:18:37  InnoDB: Log file C:\simulacion\USBWebserver v8.5\8.5\mysql\data\ib_logfile0 did not exist: new to be created
InnoDB: Setting log file C:\simulacion\USBWebserver v8.5\8.5\mysql\data\ib_logfile0 size to 5 MB
InnoDB: Database physically writes the file full: wait...
130316 19:18:37  InnoDB: Log file C:\simulacion\USBWebserver v8.5\8.5\mysql\data\ib_logfile1 did not exist: new to be created
InnoDB: Setting log file C:\simulacion\USBWebserver v8.5\8.5\mysql\data\ib_logfile1 size to 5 MB
InnoDB: Database physically writes the file full: wait...
InnoDB: Doublewrite buffer not found: creating new
InnoDB: Doublewrite buffer created
InnoDB: 127 rollback segment(s) active.
InnoDB: Creating foreign key constraint system tables
InnoDB: Foreign key constraint system tables created
130316 19:18:38  InnoDB: Waiting for the background threads to start
130316 19:18:39 InnoDB: 1.1.8 started; log sequence number 0
130316 19:18:40 [Note] Event Scheduler: Loaded 0 events
130316 19:18:40 [Note] C:\simulacion\USBWebserver v8.5\8.5/mysql/bin/mysqld_usbwv8.exe: ready for connections.
Version: '5.5.20'  socket: ''  port: 3307  MySQL Community Server (GPL)
130322 20:34:59 [Note] Plugin 'FEDERATED' is disabled.
130322 20:34:59 InnoDB: The InnoDB memory heap is disabled
130322 20:34:59 InnoDB: Mutexes and rw_locks use Windows interlocked functions
130322 20:34:59 InnoDB: Compressed tables use zlib 1.2.3
130322 20:34:59 InnoDB: Initializing buffer pool, size = 128.0M
130322 20:34:59 InnoDB: Completed initialization of buffer pool
130322 20:35:00 InnoDB: highest supported file format is Barracuda.
InnoDB: The log sequence number in ibdata files does not match
InnoDB: the log sequence number in the ib_logfiles!
130322 20:35:00  InnoDB: Database was not shut down normally!
InnoDB: Starting crash recovery.
InnoDB: Reading tablespace information from the .ibd files...
InnoDB: Restoring possible half-written data pages from the doublewrite
InnoDB: buffer...
130322 20:35:00  InnoDB: Waiting for the background threads to start
130322 20:35:01 InnoDB: 1.1.8 started; log sequence number 1609792
130322 20:35:02 [Note] Event Scheduler: Loaded 0 events
130322 20:35:02 [Note] C:\simulacion\USBWebserver v8.5\8.5/mysql/bin/mysqld_usbwv8.exe: ready for connections.
Version: '5.5.20'  socket: ''  port: 3307  MySQL Community Server (GPL)
