130402 11:20:23 [Note] Plugin 'FEDERATED' is disabled.
130402 11:20:23 InnoDB: The InnoDB memory heap is disabled
130402 11:20:23 InnoDB: Mutexes and rw_locks use Windows interlocked functions
130402 11:20:23 InnoDB: Compressed tables use zlib 1.2.3
130402 11:20:23 InnoDB: Initializing buffer pool, size = 128.0M
130402 11:20:23 InnoDB: Completed initialization of buffer pool
130402 11:20:23 InnoDB: highest supported file format is Barracuda.
InnoDB: The log sequence number in ibdata files does not match
InnoDB: the log sequence number in the ib_logfiles!
130402 11:20:23  InnoDB: Database was not shut down normally!
InnoDB: Starting crash recovery.
InnoDB: Reading tablespace information from the .ibd files...
InnoDB: Restoring possible half-written data pages from the doublewrite
InnoDB: buffer...
130402 11:20:23  InnoDB: Waiting for the background threads to start
130402 11:20:24 InnoDB: 1.1.8 started; log sequence number 1656269
130404 12:09:17 [Note] Plugin 'FEDERATED' is disabled.
130404 12:09:17 InnoDB: The InnoDB memory heap is disabled
130404 12:09:17 InnoDB: Mutexes and rw_locks use Windows interlocked functions
130404 12:09:17 InnoDB: Compressed tables use zlib 1.2.3
130404 12:09:17 InnoDB: Initializing buffer pool, size = 128.0M
130404 12:09:17 InnoDB: Completed initialization of buffer pool
130404 12:09:17 InnoDB: highest supported file format is Barracuda.
InnoDB: The log sequence number in ibdata files does not match
InnoDB: the log sequence number in the ib_logfiles!
130404 12:09:17  InnoDB: Database was not shut down normally!
InnoDB: Starting crash recovery.
InnoDB: Reading tablespace information from the .ibd files...
InnoDB: Restoring possible half-written data pages from the doublewrite
InnoDB: buffer...
130404 12:09:17  InnoDB: Waiting for the background threads to start
130404 12:09:18 InnoDB: 1.1.8 started; log sequence number 1670255
130405  7:29:46 [Note] Plugin 'FEDERATED' is disabled.
130405  7:29:46 InnoDB: The InnoDB memory heap is disabled
130405  7:29:46 InnoDB: Mutexes and rw_locks use Windows interlocked functions
130405  7:29:46 InnoDB: Compressed tables use zlib 1.2.3
130405  7:29:46 InnoDB: Initializing buffer pool, size = 128.0M
130405  7:29:46 InnoDB: Completed initialization of buffer pool
130405  7:29:46 InnoDB: highest supported file format is Barracuda.
InnoDB: The log sequence number in ibdata files does not match
InnoDB: the log sequence number in the ib_logfiles!
130405  7:29:46  InnoDB: Database was not shut down normally!
InnoDB: Starting crash recovery.
InnoDB: Reading tablespace information from the .ibd files...
InnoDB: Restoring possible half-written data pages from the doublewrite
InnoDB: buffer...
130405  7:29:46  InnoDB: Waiting for the background threads to start
130405  7:29:47 InnoDB: 1.1.8 started; log sequence number 1683757
